<?xml version="1.0" encoding="UTF-8" ?>
<testsuite errors="1" failures="0" hostname="ubuntu-1" name="test.TestMain" skipped="0" tests="1" time="0.0" timestamp="2024-12-09T17:48:26">
  <properties>
    <property name="ant.library.dir" value="/usr/share/ant/lib" />
    <property name="ant.file.type" value="file" />
    <property name="java.specification.version" value="17" />
    <property name="ant.project.name" value="MyProject" />
    <property name="sun.jnu.encoding" value="UTF-8" />
    <property name="java.class.path" value="/usr/share/ant/lib/ant-launcher.jar:/usr/share/ant/lib/ant-javamail.jar:/usr/share/ant/lib/ant-junitlauncher.jar:/usr/share/ant/lib/ant-testutil.jar:/usr/share/ant/lib/ant.jar:/usr/share/ant/lib/ant-apache-oro.jar:/usr/share/ant/lib/ant-commons-logging.jar:/usr/share/ant/lib/ant-jdepend.jar:/usr/share/ant/lib/ant-apache-bsf.jar:/usr/share/ant/lib/ant-apache-resolver.jar:/usr/share/ant/lib/ant-commons-net.jar:/usr/share/ant/lib/junit.jar:/usr/share/ant/lib/ant-apache-xalan2.jar:/usr/share/ant/lib/ant-apache-bcel.jar:/usr/share/ant/lib/ant-swing.jar:/usr/share/ant/lib/ant-antlr.jar:/usr/share/ant/lib/ant-apache-regexp.jar:/usr/share/ant/lib/ant-junit.jar:/usr/share/ant/lib/ant-launcher.jar:/usr/share/ant/lib/ant-jmf.jar:/usr/share/ant/lib/ant-xz.jar:/usr/share/ant/lib/ant-apache-log4j.jar:/usr/share/ant/lib/ant-jsch.jar:/usr/share/ant/lib/ant-junit4.jar" />
    <property name="java.vm.vendor" value="Ubuntu" />
    <property name="sun.arch.data.model" value="64" />
    <property name="java.vendor.url" value="https://ubuntu.com/" />
    <property name="os.name" value="Linux" />
    <property name="java.vm.specification.version" value="17" />
    <property name="sun.java.launcher" value="SUN_STANDARD" />
    <property name="sun.boot.library.path" value="/usr/lib/jvm/java-17-openjdk-amd64/lib" />
    <property name="sun.java.command" value="org.apache.tools.ant.launch.Launcher -cp " />
    <property name="jdk.debug" value="release" />
    <property name="sun.cpu.endian" value="little" />
    <property name="user.home" value="/home/azureuser" />
    <property name="user.language" value="en" />
    <property name="sun.stderr.encoding" value="UTF-8" />
    <property name="java.specification.vendor" value="Oracle Corporation" />
    <property name="java.version.date" value="2024-10-15" />
    <property name="java.home" value="/usr/lib/jvm/java-17-openjdk-amd64" />
    <property name="basedir" value="/practice/my-ant-project" />
    <property name="file.separator" value="/" />
    <property name="java.vm.compressedOopsMode" value="32-bit" />
    <property name="sun.stdout.encoding" value="UTF-8" />
    <property name="line.separator" value="&#xa;" />
    <property name="ant.file.MyProject" value="/practice/my-ant-project/build.xml" />
    <property name="ant.java.version" value="17" />
    <property name="java.vm.specification.vendor" value="Oracle Corporation" />
    <property name="java.specification.name" value="Java Platform API Specification" />
    <property name="ant.file.type.MyProject" value="file" />
    <property name="sun.management.compiler" value="HotSpot 64-Bit Tiered Compilers" />
    <property name="java.runtime.version" value="17.0.13+11-Ubuntu-2ubuntu124.04" />
    <property name="user.name" value="azureuser" />
    <property name="ant.file" value="/practice/my-ant-project/build.xml" />
    <property name="path.separator" value=":" />
    <property name="os.version" value="6.8.0-1018-azure" />
    <property name="java.runtime.name" value="OpenJDK Runtime Environment" />
    <property name="file.encoding" value="UTF-8" />
    <property name="ant.project.invoked-targets" value="test" />
    <property name="java.vm.name" value="OpenJDK 64-Bit Server VM" />
    <property name="build.dir" value="build" />
    <property name="ant.core.lib" value="/usr/share/ant/lib/ant.jar" />
    <property name="java.vendor.url.bug" value="https://bugs.launchpad.net/ubuntu/+source/openjdk-17" />
    <property name="java.io.tmpdir" value="/tmp" />
    <property name="java.version" value="17.0.13" />
    <property name="user.dir" value="/practice/my-ant-project" />
    <property name="os.arch" value="amd64" />
    <property name="java.vm.specification.name" value="Java Virtual Machine Specification" />
    <property name="ant.home" value="/usr/share/ant" />
    <property name="lib.dir" value="lib" />
    <property name="native.encoding" value="UTF-8" />
    <property name="ant.version" value="Apache Ant(TM) version 1.10.14 compiled on September 25 2023" />
    <property name="java.library.path" value="/usr/java/packages/lib:/usr/lib/x86_64-linux-gnu/jni:/lib/x86_64-linux-gnu:/usr/lib/x86_64-linux-gnu:/usr/lib/jni:/lib:/usr/lib" />
    <property name="java.vendor" value="Ubuntu" />
    <property name="java.vm.info" value="mixed mode, sharing" />
    <property name="java.vm.version" value="17.0.13+11-Ubuntu-2ubuntu124.04" />
    <property name="classes.dir" value="build/classes" />
    <property name="java.specification.maintenance.version" value="1" />
    <property name="sun.io.unicode.encoding" value="UnicodeLittle" />
    <property name="java.class.version" value="61.0" />
    <property name="ant.project.default-target" value="test" />
  </properties>
  <error message="test.TestMain" type="java.lang.ClassNotFoundException">java.lang.ClassNotFoundException: test.TestMain
	at java.base/java.net.URLClassLoader.findClass(URLClassLoader.java:445)
	at java.base/java.lang.ClassLoader.loadClass(ClassLoader.java:592)
	at java.base/java.lang.ClassLoader.loadClass(ClassLoader.java:525)
	at java.base/java.lang.ClassLoader.loadClass(ClassLoader.java:525)
	at java.base/java.lang.Class.forName0(Native Method)
	at java.base/java.lang.Class.forName(Class.java:467)
	at java.base/jdk.internal.reflect.NativeMethodAccessorImpl.invoke0(Native Method)
	at java.base/jdk.internal.reflect.NativeMethodAccessorImpl.invoke(NativeMethodAccessorImpl.java:77)
	at java.base/jdk.internal.reflect.DelegatingMethodAccessorImpl.invoke(DelegatingMethodAccessorImpl.java:43)
</error>
  <system-out><![CDATA[]]></system-out>
  <system-err><![CDATA[]]></system-err>
</testsuite>
